<?xml version="1.0" encoding="UTF-8" ?>
<testsuite tests="1" failures="1" name="Unmodified.Palindrome_1Test1" time="0.003" errors="0" skipped="0">
  <properties>
[...]
</properties>
  <testcase classname="Unmodified.Palindrome_1Test1" name="Unmodified.Palindrome_1Test1.testMethodPalindrome_1" time="0.003">
    <failure message="expected:&lt;[]palindrome number!&gt; but was:&lt;[NOT ]palindrome number!&gt;" type="org.junit.ComparisonFailure">org.junit.ComparisonFailure: expected:&lt;[]palindrome number!&gt; but was:&lt;[NOT ]palindrome number!&gt;
	at org.junit.Assert.assertEquals(Assert.java:115)
	at org.junit.Assert.assertEquals(Assert.java:144)
	at Unmodified.Palindrome_1Test1.testMethodPalindrome_1(Palindrome_1Test1.java:50)
</failure>
    <system-out>methodPalindrome_1
</system-out>
  </testcase>
</testsuite>