-------------------------------------------------------------------------------
Test set: Unmodified.Reverse_2Test5
-------------------------------------------------------------------------------
Tests run: 1, Failures: 1, Errors: 0, Skipped: 0, Time elapsed: 0.023 sec <<< FAILURE!
Unmodified.Reverse_2Test5.testMethodReverse_2()  Time elapsed: 0.022 sec  <<< FAILURE!
org.junit.ComparisonFailure: expected:<...indrome is emordnila[p]> but was:<...indrome is emordnila[]>
	at org.junit.Assert.assertEquals(Assert.java:115)
	at org.junit.Assert.assertEquals(Assert.java:144)
	at Unmodified.Reverse_2Test5.testMethodReverse_2(Reverse_2Test5.java:50)

