-------------------------------------------------------------------------------
Test set: Unmodified.Reverse_2Test6
-------------------------------------------------------------------------------
Tests run: 1, Failures: 1, Errors: 0, Skipped: 0, Time elapsed: 0.021 sec <<< FAILURE!
Unmodified.Reverse_2Test6.testMethodReverse_2()  Time elapsed: 0.021 sec  <<< FAILURE!
org.junit.ComparisonFailure: expected:<...of nababan is nababa[n]> but was:<...of nababan is nababa[]>
	at org.junit.Assert.assertEquals(Assert.java:115)
	at org.junit.Assert.assertEquals(Assert.java:144)
	at Unmodified.Reverse_2Test6.testMethodReverse_2(Reverse_2Test6.java:50)

