-------------------------------------------------------------------------------
Test set: Unmodified.Reverse_2Test7
-------------------------------------------------------------------------------
Tests run: 1, Failures: 1, Errors: 0, Skipped: 0, Time elapsed: 0.021 sec <<< FAILURE!
Unmodified.Reverse_2Test7.testMethodReverse_2()  Time elapsed: 0.02 sec  <<< FAILURE!
org.junit.ComparisonFailure: expected:<...verse of read is dae[r]> but was:<...verse of read is dae[]>
	at org.junit.Assert.assertEquals(Assert.java:115)
	at org.junit.Assert.assertEquals(Assert.java:144)
	at Unmodified.Reverse_2Test7.testMethodReverse_2(Reverse_2Test7.java:50)

