-------------------------------------------------------------------------------
Test set: Unmodified.Reverse_2Test3
-------------------------------------------------------------------------------
Tests run: 1, Failures: 1, Errors: 0, Skipped: 0, Time elapsed: 0.027 sec <<< FAILURE!
Unmodified.Reverse_2Test3.testMethodReverse_2()  Time elapsed: 0.026 sec  <<< FAILURE!
org.junit.ComparisonFailure: expected:<...reverse of isi is is[i]> but was:<...reverse of isi is is[]>
	at org.junit.Assert.assertEquals(Assert.java:115)
	at org.junit.Assert.assertEquals(Assert.java:144)
	at Unmodified.Reverse_2Test3.testMethodReverse_2(Reverse_2Test3.java:50)

