-------------------------------------------------------------------------------
Test set: Unmodified.Reverse_2Test1
-------------------------------------------------------------------------------
Tests run: 1, Failures: 1, Errors: 0, Skipped: 0, Time elapsed: 0.024 sec <<< FAILURE!
Unmodified.Reverse_2Test1.testMethodReverse_2()  Time elapsed: 0.024 sec  <<< FAILURE!
org.junit.ComparisonFailure: expected:<The reverse of a is [a]> but was:<The reverse of a is []>
	at org.junit.Assert.assertEquals(Assert.java:115)
	at org.junit.Assert.assertEquals(Assert.java:144)
	at Unmodified.Reverse_2Test1.testMethodReverse_2(Reverse_2Test1.java:50)

