-------------------------------------------------------------------------------
Test set: Unmodified.Reverse_2Test4
-------------------------------------------------------------------------------
Tests run: 1, Failures: 1, Errors: 0, Skipped: 0, Time elapsed: 0.03 sec <<< FAILURE!
Unmodified.Reverse_2Test4.testMethodReverse_2()  Time elapsed: 0.03 sec  <<< FAILURE!
org.junit.ComparisonFailure: expected:<...rse of radar is rada[r]> but was:<...rse of radar is rada[]>
	at org.junit.Assert.assertEquals(Assert.java:115)
	at org.junit.Assert.assertEquals(Assert.java:144)
	at Unmodified.Reverse_2Test4.testMethodReverse_2(Reverse_2Test4.java:50)

